<?xml version="1.0" encoding="UTF-8"?>
<!-- Generated by org.testng.reporters.JUnitXMLReporter -->
<testsuite ignored="0" hostname="hp" failures="0" tests="3" name="Test" time="12.643" errors="0" timestamp="2025-07-31T11:04:33 IST">
  <testcase classname="producttest.Example2Test" name="orderProducts_1" time="0.018"/>
  <testcase classname="producttest.Example2Test" name="orderProducts_2" time="0.001"/>
  <testcase classname="producttest.Example2Test" name="orderProducts" time="2.361"/>
</testsuite> <!-- Test -->
