<?xml version="1.0" encoding="UTF-8"?>
<!-- Generated by org.testng.reporters.JUnitXMLReporter -->
<testsuite ignored="0" hostname="hp" failures="0" tests="3" name="Test" time="9.464" errors="0" timestamp="2025-08-01T05:18:17 IST">
  <testcase classname="producttest.Example2Test" name="orderProducts_1" time="0.022"/>
  <testcase classname="producttest.Example2Test" name="orderProducts_2" time="0.002"/>
  <testcase classname="producttest.Example2Test" name="orderProducts" time="2.08"/>
</testsuite> <!-- Test -->
