<?xml version="1.0" encoding="UTF-8"?>
<testng-results ignored="0" total="3" passed="3" failed="0" skipped="0">
  <reporter-output>
    <line>
      <![CDATA[Browser setup is done]]>
    </line>
    <line>
      <![CDATA[Login successfully]]>
    </line>
    <line>
      <![CDATA[Logout is done]]>
    </line>
    <line>
      <![CDATA[Login successfully]]>
    </line>
    <line>
      <![CDATA[Logout is done]]>
    </line>
    <line>
      <![CDATA[Login successfully]]>
    </line>
    <line>
      <![CDATA[Ramya]]>
    </line>
    <line>
      <![CDATA[Ramya]]>
    </line>
    <line>
      <![CDATA[Katari]]>
    </line>
    <line>
      <![CDATA[ 522002]]>
    </line>
    <line>
      <![CDATA[Logout is done]]>
    </line>
  </reporter-output>
  <suite started-at="2025-07-31T11:04:20 IST" name="RegressionSuite" finished-at="2025-07-31T11:04:33 IST" duration-ms="12643">
    <groups>
      <group name="RT">
        <method signature="Example2Test.orderProducts(java.lang.String,java.lang.String,java.lang.String)[pri:1, instance:producttest.Example2Test@233795b6]" name="orderProducts" class="producttest.Example2Test"/>
      </group> <!-- RT -->
    </groups>
    <test started-at="2025-07-31T11:04:20 IST" name="Test" finished-at="2025-07-31T11:04:33 IST" duration-ms="12643">
      <class name="producttest.Example2Test">
        <test-method is-config="true" signature="ReportSetup()[pri:0, instance:producttest.Example2Test@233795b6]" started-at="2025-07-31T11:04:20 IST" name="ReportSetup" finished-at="2025-07-31T11:04:21 IST" duration-ms="261" status="PASS">
          <reporter-output>
          </reporter-output>
        </test-method> <!-- ReportSetup -->
        <test-method is-config="true" signature="browserSetup(java.lang.String)[pri:0, instance:producttest.Example2Test@233795b6]" started-at="2025-07-31T11:04:21 IST" name="browserSetup" finished-at="2025-07-31T11:04:26 IST" duration-ms="5456" status="PASS">
          <params>
            <param index="0">
              <value>
                <![CDATA[edge]]>
              </value>
            </param>
          </params>
          <reporter-output>
            <line>
              <![CDATA[Browser setup is done]]>
            </line>
          </reporter-output>
        </test-method> <!-- browserSetup -->
        <test-method is-config="true" signature="LogIn()[pri:0, instance:producttest.Example2Test@233795b6]" started-at="2025-07-31T11:04:26 IST" name="LogIn" finished-at="2025-07-31T11:04:27 IST" duration-ms="450" status="PASS">
          <reporter-output>
            <line>
              <![CDATA[Login successfully]]>
            </line>
          </reporter-output>
        </test-method> <!-- LogIn -->
        <test-method signature="orderProducts_1()[pri:0, instance:producttest.Example2Test@233795b6]" started-at="2025-07-31T11:04:27 IST" name="orderProducts_1" finished-at="2025-07-31T11:04:27 IST" duration-ms="18" status="PASS">
          <reporter-output>
          </reporter-output>
        </test-method> <!-- orderProducts_1 -->
        <test-method is-config="true" signature="Logout()[pri:0, instance:producttest.Example2Test@233795b6]" started-at="2025-07-31T11:04:27 IST" name="Logout" finished-at="2025-07-31T11:04:27 IST" duration-ms="272" status="PASS">
          <reporter-output>
            <line>
              <![CDATA[Logout is done]]>
            </line>
          </reporter-output>
        </test-method> <!-- Logout -->
        <test-method is-config="true" signature="LogIn()[pri:0, instance:producttest.Example2Test@233795b6]" started-at="2025-07-31T11:04:27 IST" name="LogIn" finished-at="2025-07-31T11:04:27 IST" duration-ms="257" status="PASS">
          <reporter-output>
            <line>
              <![CDATA[Login successfully]]>
            </line>
          </reporter-output>
        </test-method> <!-- LogIn -->
        <test-method signature="orderProducts_2()[pri:0, instance:producttest.Example2Test@233795b6]" started-at="2025-07-31T11:04:27 IST" name="orderProducts_2" finished-at="2025-07-31T11:04:27 IST" duration-ms="1" status="PASS">
          <reporter-output>
          </reporter-output>
        </test-method> <!-- orderProducts_2 -->
        <test-method is-config="true" signature="Logout()[pri:0, instance:producttest.Example2Test@233795b6]" started-at="2025-07-31T11:04:27 IST" name="Logout" finished-at="2025-07-31T11:04:27 IST" duration-ms="241" status="PASS">
          <reporter-output>
            <line>
              <![CDATA[Logout is done]]>
            </line>
          </reporter-output>
        </test-method> <!-- Logout -->
        <test-method is-config="true" signature="LogIn()[pri:0, instance:producttest.Example2Test@233795b6]" started-at="2025-07-31T11:04:29 IST" name="LogIn" finished-at="2025-07-31T11:04:29 IST" duration-ms="245" status="PASS">
          <reporter-output>
            <line>
              <![CDATA[Login successfully]]>
            </line>
          </reporter-output>
        </test-method> <!-- LogIn -->
        <test-method signature="orderProducts(java.lang.String,java.lang.String,java.lang.String)[pri:1, instance:producttest.Example2Test@233795b6]" started-at="2025-07-31T11:04:29 IST" name="orderProducts" data-provider="CheckoutInfo" finished-at="2025-07-31T11:04:32 IST" duration-ms="2361" status="PASS">
          <params>
            <param index="0">
              <value>
                <![CDATA[Ramya]]>
              </value>
            </param>
            <param index="1">
              <value>
                <![CDATA[Katari]]>
              </value>
            </param>
            <param index="2">
              <value>
                <![CDATA[ 522002]]>
              </value>
            </param>
          </params>
          <reporter-output>
            <line>
              <![CDATA[Ramya]]>
            </line>
            <line>
              <![CDATA[Ramya]]>
            </line>
            <line>
              <![CDATA[Katari]]>
            </line>
            <line>
              <![CDATA[ 522002]]>
            </line>
          </reporter-output>
        </test-method> <!-- orderProducts -->
        <test-method is-config="true" signature="Logout()[pri:0, instance:producttest.Example2Test@233795b6]" started-at="2025-07-31T11:04:32 IST" name="Logout" finished-at="2025-07-31T11:04:32 IST" duration-ms="269" status="PASS">
          <reporter-output>
            <line>
              <![CDATA[Logout is done]]>
            </line>
          </reporter-output>
        </test-method> <!-- Logout -->
        <test-method is-config="true" signature="broserTerminate()[pri:0, instance:producttest.Example2Test@233795b6]" started-at="2025-07-31T11:04:32 IST" name="broserTerminate" finished-at="2025-07-31T11:04:32 IST" duration-ms="369" status="PASS">
          <reporter-output>
          </reporter-output>
        </test-method> <!-- broserTerminate -->
        <test-method is-config="true" signature="ReportTerminate()[pri:0, instance:producttest.Example2Test@233795b6]" started-at="2025-07-31T11:04:32 IST" name="ReportTerminate" finished-at="2025-07-31T11:04:33 IST" duration-ms="645" status="PASS">
          <reporter-output>
          </reporter-output>
        </test-method> <!-- ReportTerminate -->
      </class> <!-- producttest.Example2Test -->
    </test> <!-- Test -->
  </suite> <!-- RegressionSuite -->
</testng-results>
